<?xml version="1.0" encoding="UTF-8"?>
<testsuite xmlns:xsi="http://www.w3.org/2001/XMLSchema-instance" xsi:noNamespaceSchemaLocation="https://maven.apache.org/surefire/maven-surefire-plugin/xsd/surefire-test-report-3.0.xsd" version="3.0" name="etraveli.regressionTest" time="198.352" tests="14" errors="1" skipped="0" failures="0">
  <properties>
[...]
</properties>
  <testcase name="filterByAirline" classname="etraveli.regressionTest" time="16.553">
    <system-out><![CDATA[----In this test, we will validate that only the selected airline is displayed.----
Test completed successfully: all flights were verified, and all are from Aerolíneas Argentinas.
]]></system-out>
  </testcase>
  <testcase name="SelfTransferFilter" classname="etraveli.regressionTest" time="17.682">
    <error message="Test SelfTransferFilter() failed: an option that is not a direct flight was found 1 Cambio" type="java.lang.RuntimeException"><![CDATA[java.lang.RuntimeException: Test SelfTransferFilter() failed: an option that is not a direct flight was found 1 Cambio
	at etraveli.section.filterScales.SelfTransferFight(filterScales.java:128)
	at etraveli.regressionTest.SelfTransferFilter(regressionTest.java:83)
	at java.base/java.lang.reflect.Method.invoke(Method.java:569)
	at java.base/java.util.ArrayList.forEach(ArrayList.java:1511)
	at java.base/java.util.ArrayList.forEach(ArrayList.java:1511)
]]></error>
    <system-out><![CDATA[----In this test, we will validate the filter for flights with self-transfer. ----
]]></system-out>
  </testcase>
  <testcase name="filterWithoutAirline" classname="etraveli.regressionTest" time="7.859">
    <system-out><![CDATA[----In this test, we will validate that unselected airlines are not shown.----
Test completed successfully: all flights were verified, and none are from Aerolíneas Argentinas.
]]></system-out>
  </testcase>
  <testcase name="verifyApi" classname="etraveli.regressionTest" time="10.38">
    <system-out><![CDATA[----In this test, we will validate that the API responds with a 200 status code.----
Test completed successfully: The expected response was received: 200
]]></system-out>
  </testcase>
  <testcase name="resetValueDepartureSection" classname="etraveli.regressionTest" time="8.996">
    <system-out><![CDATA[----In this test, we will validate that the values are reset correctly----
Test completed successfully: The values have been reset correctly.
]]></system-out>
  </testcase>
  <testcase name="DepartureSection" classname="etraveli.regressionTest" time="7.546">
    <system-out><![CDATA[----In this test, we will validate changing the departure time of the segment----
Test completed successfully: All flights depart after 17:30.
]]></system-out>
  </testcase>
  <testcase name="maximumFilterOneScale" classname="etraveli.regressionTest" time="17.418">
    <system-out><![CDATA[----In this test, we will validate the filter for a maximum of one stopover.----
Test completed: all options have 1 or 0 stopovers.
]]></system-out>
  </testcase>
  <testcase name="FilterDirectFlight" classname="etraveli.regressionTest" time="17.888">
    <system-out><![CDATA[----In this test, we will validate the non-stop flights filter.----
Test completed: all options are direct flights.
]]></system-out>
  </testcase>
  <testcase name="ResetFilter" classname="etraveli.regressionTest" time="16.961">
    <system-out><![CDATA[----In this test, we will validate the reset functionality of the filter.----
Test completed successfully: The filter has been reset correctly.
]]></system-out>
  </testcase>
  <testcase name="changeTravelTime" classname="etraveli.regressionTest" time="9.995">
    <system-out><![CDATA[----In this test, we will validate changing the total travel time----
Test completed successfully: All flights have a travel time less than 3830 hours.
]]></system-out>
  </testcase>
  <testcase name="AllFlight" classname="etraveli.regressionTest" time="16.267">
    <system-out><![CDATA[----In this test, we will validate the stopovers filter with the 'All flights' option selected.----
Test completed successfully: All flights are visible. Displayed: 768, Total: 768
]]></system-out>
  </testcase>
  <testcase name="ArribalSection" classname="etraveli.regressionTest" time="10.669">
    <system-out><![CDATA[----In this test, we will validate changing the arrival time of the segment----
Test completed successfully: All flights arrive on or before 17:30
]]></system-out>
  </testcase>
  <testcase name="changeFilterDownPrice" classname="etraveli.regressionTest" time="8.191">
    <system-out><![CDATA[----In this test, we will validate the price filter.----
Test completed successfully: all options have a price less than or equal to 9339241.6
]]></system-out>
  </testcase>
  <testcase name="filterByAirlineShowMore" classname="etraveli.regressionTest" time="6.934">
    <system-out><![CDATA[----In this test, we will validate the show more functionality.----
Test completed successfully: new airlines were found after clicking 'Show more'.
]]></system-out>
  </testcase>
</testsuite>