<?xml version="1.0" encoding="UTF-8"?>
<testsuite xmlns:xsi="http://www.w3.org/2001/XMLSchema-instance" xsi:noNamespaceSchemaLocation="https://maven.apache.org/surefire/maven-surefire-plugin/xsd/surefire-test-report-3.0.xsd" version="3.0" name="etraveli.regressionTest" time="196.688" tests="14" errors="1" skipped="0" failures="0">
  <properties>
[...]
</properties>
  <testcase name="filterByAirline" classname="etraveli.regressionTest" time="14.923">
    <system-out><![CDATA[----En este test validaremos que muestra solo la aerolinea seleccionada----
Test completado correctamente: todos los vuelos verificados, todos son de Aerolíneas Argentinas.
]]></system-out>
  </testcase>
  <testcase name="SelfTransferFilter" classname="etraveli.regressionTest" time="16.468">
    <error message="Test SelfTransferFilter() fallido: se encontró una opción que no es un vuelo directo 1 Cambio" type="java.lang.RuntimeException"><![CDATA[java.lang.RuntimeException: Test SelfTransferFilter() fallido: se encontró una opción que no es un vuelo directo 1 Cambio
	at etraveli.section.filterScales.SelfTransferFight(filterScales.java:128)
	at etraveli.regressionTest.SelfTransferFilter(regressionTest.java:83)
	at java.base/java.lang.reflect.Method.invoke(Method.java:569)
	at java.base/java.util.ArrayList.forEach(ArrayList.java:1511)
	at java.base/java.util.ArrayList.forEach(ArrayList.java:1511)
]]></error>
    <system-out><![CDATA[----En este test validaremos el filtro de vuelos con auto-transferencia ----
]]></system-out>
  </testcase>
  <testcase name="filterWithoutAirline" classname="etraveli.regressionTest" time="7.115">
    <system-out><![CDATA[----En este test validaremos que no se muestre la aerolinea que no fue seleccionada----
Test completado correctamente: todos los vuelos verificados, ninguno es de Aerolíneas Argentinas.
]]></system-out>
  </testcase>
  <testcase name="verifyApi" classname="etraveli.regressionTest" time="9.996">
    <system-out><![CDATA[----En este test validaremos que la api nos responda 200----
Test completado correctamente: Se recibió la respuesta esperada: 200
]]></system-out>
  </testcase>
  <testcase name="resetValueDepartureSection" classname="etraveli.regressionTest" time="7.879">
    <system-out><![CDATA[----En este test validaremos que los valores sean reseteados correctamente----
Test completado correctamente: Los valores han sido reseteados correctamente.
]]></system-out>
  </testcase>
  <testcase name="DepartureSection" classname="etraveli.regressionTest" time="7.021">
    <system-out><![CDATA[----En este test validaremos cambiar de hora del tramo de salida----
Test completado correctamente: Todos los vuelos vuelven antes de las  17:30.
]]></system-out>
  </testcase>
  <testcase name="maximumFilterOneScale" classname="etraveli.regressionTest" time="18.955">
    <system-out><![CDATA[----En este test validaremos el filtro de maximo una escala----
Test completado: todas las opciones tienen 1 o 0 escalas.
]]></system-out>
  </testcase>
  <testcase name="FilterDirectFlight" classname="etraveli.regressionTest" time="16.418">
    <system-out><![CDATA[----En este test validaremos el filtro de vuelos directos----
Test completado: todas las opciones son vuelos directos.
]]></system-out>
  </testcase>
  <testcase name="ResetFilter" classname="etraveli.regressionTest" time="15.956">
    <system-out><![CDATA[----En este test validaremos el restablecimiento del filtro----
Test completado correctamente: El filtro ha sido restablecido correctamente.
]]></system-out>
  </testcase>
  <testcase name="changeTravelTime" classname="etraveli.regressionTest" time="9.546">
    <system-out><![CDATA[----En este test validaremos el cambio de hora total del viaje----
Test completado correctamente: Todos los vuelos tienen un tiempo de viaje menor a 4 horas.
]]></system-out>
  </testcase>
  <testcase name="AllFlight" classname="etraveli.regressionTest" time="15.92">
    <system-out><![CDATA[----En este test validaremos el filtro Cantidad de escalas todos los vuelos----
Test completado correctamente: Todos los vuelos son visibles. Mostrados: 768, Total: 768
]]></system-out>
  </testcase>
  <testcase name="ArribalSection" classname="etraveli.regressionTest" time="13.181">
    <system-out><![CDATA[----En este test validaremos cambiar de hora del tramo de arribo----
Test completado correctamente: Todos los vuelos llegan antes o a las 17:30
]]></system-out>
  </testcase>
  <testcase name="changeFilterDownPrice" classname="etraveli.regressionTest" time="10.026">
    <system-out><![CDATA[----En este test validaremos el filtro de precio----
Test completado correctamente: todas las opciones tienen un precio menor o igual a 9339241.6
]]></system-out>
  </testcase>
  <testcase name="filterByAirlineShowMore" classname="etraveli.regressionTest" time="8.475">
    <system-out><![CDATA[----En este test validaremos el mostrar mas ----
Test completado correctamente: Se encontraron nuevas aerolíneas al hacer clic en 'Mostrar más'.
]]></system-out>
  </testcase>
</testsuite>